[01m[K/home/trung/test_subscriber_ws/src/gps_listener/src/gps_subscriber.cpp:17:31:[m[K [01;31m[Kerror: [m[Kâ€˜[01m[Kgeometry_msgs[m[Kâ€™ does not name a type
   17 |     void topic_callback(const [01;31m[Kgeometry_msgs[m[K::msg::Point::SharedPtr msg)
      |                               [01;31m[K^~~~~~~~~~~~~[m[K
[01m[K/home/trung/test_subscriber_ws/src/gps_listener/src/gps_subscriber.cpp:17:49:[m[K [01;31m[Kerror: [m[Kexpected unqualified-id before â€˜[01m[K::[m[Kâ€™ token
   17 |     void topic_callback(const geometry_msgs::msg[01;31m[K::[m[KPoint::SharedPtr msg)
      |                                                 [01;31m[K^~[m[K
[01m[K/home/trung/test_subscriber_ws/src/gps_listener/src/gps_subscriber.cpp:17:49:[m[K [01;31m[Kerror: [m[Kexpected â€˜[01m[K)[m[Kâ€™ before â€˜[01m[K::[m[Kâ€™ token
   17 |     void topic_callback[34m[K([m[Kconst geometry_msgs::msg[01;31m[K:[m[K[32m[K:[m[KPoint::SharedPtr msg)
      |                        [34m[K~[m[K                        [01;31m[K^[m[K[32m[K~[m[K
      |                                                 [32m[K)[m[K
[01m[K/home/trung/test_subscriber_ws/src/gps_listener/src/gps_subscriber.cpp:17:46:[m[K [01;31m[Kerror: [m[Kexpected â€˜[01m[K;[m[Kâ€™ at end of member declaration
   17 |     void topic_callback(const geometry_msgs::[01;31m[Kmsg[m[K::Point::SharedPtr msg)
      |                                              [01;31m[K^~~[m[K
      |                                                 [32m[K;[m[K
[01m[K/home/trung/test_subscriber_ws/src/gps_listener/src/gps_subscriber.cpp:17:51:[m[K [01;31m[Kerror: [m[Kâ€˜[01m[KPoint[m[Kâ€™ in namespace â€˜[01m[K::[m[Kâ€™ does not name a type
   17 |     void topic_callback(const geometry_msgs::msg::[01;31m[KPoint[m[K::SharedPtr msg)
      |                                                   [01;31m[K^~~~~[m[K
[01m[K/home/trung/test_subscriber_ws/src/gps_listener/src/gps_subscriber.cpp:26:26:[m[K [01;31m[Kerror: [m[Kâ€˜[01m[Kgeometry_msgs[m[Kâ€™ was not declared in this scope
   26 |     rclcpp::Subscription<[01;31m[Kgeometry_msgs[m[K::msg::Point>::SharedPtr subscription_;
      |                          [01;31m[K^~~~~~~~~~~~~[m[K
[01m[K/home/trung/test_subscriber_ws/src/gps_listener/src/gps_subscriber.cpp:26:51:[m[K [01;31m[Kerror: [m[Ktemplate argument 1 is invalid
   26 |     rclcpp::Subscription<geometry_msgs::msg::Point[01;31m[K>[m[K::SharedPtr subscription_;
      |                                                   [01;31m[K^[m[K
[01m[K/home/trung/test_subscriber_ws/src/gps_listener/src/gps_subscriber.cpp:26:51:[m[K [01;31m[Kerror: [m[Ktemplate argument 3 is invalid
[01m[K/home/trung/test_subscriber_ws/src/gps_listener/src/gps_subscriber.cpp:26:51:[m[K [01;31m[Kerror: [m[Ktemplate argument 4 is invalid
[01m[K/home/trung/test_subscriber_ws/src/gps_listener/src/gps_subscriber.cpp:26:51:[m[K [01;31m[Kerror: [m[Ktemplate argument 5 is invalid
[01m[K/home/trung/test_subscriber_ws/src/gps_listener/src/gps_subscriber.cpp:26:54:[m[K [01;31m[Kerror: [m[Kexpected â€˜[01m[K;[m[Kâ€™ at end of member declaration
   26 |     rclcpp::Subscription<geometry_msgs::msg::Point>::[01;31m[KSharedPtr[m[K subscription_;
      |                                                      [01;31m[K^~~~~~~~~[m[K
      |                                                               [32m[K;[m[K
[01m[K/home/trung/test_subscriber_ws/src/gps_listener/src/gps_subscriber.cpp:26:64:[m[K [01;31m[Kerror: [m[Kâ€˜[01m[Ksubscription_[m[Kâ€™ does not name a type; did you mean â€˜[01m[Krmw_subscription_t[m[Kâ€™?
   26 |     rclcpp::Subscription<geometry_msgs::msg::Point>::SharedPtr [01;31m[Ksubscription_[m[K;
      |                                                                [01;31m[K^~~~~~~~~~~~~[m[K
      |                                                                [32m[Krmw_subscription_t[m[K
[01m[K/home/trung/test_subscriber_ws/src/gps_listener/src/gps_subscriber.cpp:[m[K In constructor â€˜[01m[KGPSSubscriber::GPSSubscriber()[m[Kâ€™:
[01m[K/home/trung/test_subscriber_ws/src/gps_listener/src/gps_subscriber.cpp:12:9:[m[K [01;31m[Kerror: [m[Kâ€˜[01m[Ksubscription_[m[Kâ€™ was not declared in this scope; did you mean â€˜[01m[Krmw_subscription_t[m[Kâ€™?
   12 |         [01;31m[Ksubscription_[m[K = this->create_subscription<std_msgs::msg::std>(
      |         [01;31m[K^~~~~~~~~~~~~[m[K
      |         [32m[Krmw_subscription_t[m[K
[01m[K/home/trung/test_subscriber_ws/src/gps_listener/src/gps_subscriber.cpp:12:66:[m[K [01;31m[Kerror: [m[Kâ€˜[01m[Kstd[m[Kâ€™ is not a member of â€˜[01m[Kstd_msgs::msg[m[Kâ€™; did you mean â€˜[01m[Kstd[m[Kâ€™?
   12 |         subscription_ = this->create_subscription<std_msgs::msg::[01;31m[Kstd[m[K>(
      |                                                                  [01;31m[K^~~[m[K
In file included from [01m[K/usr/include/c++/11/csignal:41[m[K,
                 from [01m[K/opt/ros/humble/include/rclcpp/rclcpp/rclcpp.hpp:152[m[K,
                 from [01m[K/home/trung/test_subscriber_ws/src/gps_listener/src/gps_subscriber.cpp:1[m[K:
[01m[K/usr/include/aarch64-linux-gnu/c++/11/bits/c++config.h:278:11:[m[K [01;36m[Knote: [m[Kâ€˜[01m[Kstd[m[Kâ€™ declared here
  278 | namespace [01;36m[Kstd[m[K
      |           [01;36m[K^~~[m[K
[01m[K/home/trung/test_subscriber_ws/src/gps_listener/src/gps_subscriber.cpp:12:70:[m[K [01;31m[Kerror: [m[Kno matching function for call to â€˜[01m[KGPSSubscriber::create_subscription<<expression error> >(const char [9], int, std::_Bind_helper<false, void (GPSSubscriber::*)(...), GPSSubscriber*, const std::_Placeholder<1>&>::type)[m[Kâ€™
   12 |         subscription_ = [01;31m[Kthis->create_subscription<std_msgs::msg::std>([m[K
      |                         [01;31m[K~~~~~~~~~~~~~~~~~~~~~~~~~~~~~~~~~~~~~~~~~~~~~^[m[K
   13 | [01;31m[K            "gps_data", 10, std::bind(&GPSSubscriber::topic_callback, this, _1))[m[K;
      |             [01;31m[K~~~~~~~~~~~~~~~~~~~~~~~~~~~~~~~~~~~~~~~~~~~~~~~~~~~~~~~~~~~~~~~~~~~~[m[K
In file included from [01m[K/opt/ros/humble/include/rclcpp/rclcpp/executors/single_threaded_executor.hpp:28[m[K,
                 from [01m[K/opt/ros/humble/include/rclcpp/rclcpp/executors.hpp:22[m[K,
                 from [01m[K/opt/ros/humble/include/rclcpp/rclcpp/rclcpp.hpp:155[m[K,
                 from [01m[K/home/trung/test_subscriber_ws/src/gps_listener/src/gps_subscriber.cpp:1[m[K:
[01m[K/opt/ros/humble/include/rclcpp/rclcpp/node.hpp:219:3:[m[K [01;36m[Knote: [m[Kcandidate: â€˜[01m[Ktemplate<class MessageT, class CallbackT, class AllocatorT, class SubscriptionT, class MessageMemoryStrategyT> std::shared_ptr<ROSMessageT> rclcpp::Node::create_subscription(const string&, const rclcpp::QoS&, CallbackT&&, const rclcpp::SubscriptionOptionsWithAllocator<AllocatorT>&, typename MessageMemoryStrategyT::SharedPtr)[m[Kâ€™
  219 |   [01;36m[Kcreate_subscription[m[K(
      |   [01;36m[K^~~~~~~~~~~~~~~~~~~[m[K
[01m[K/opt/ros/humble/include/rclcpp/rclcpp/node.hpp:219:3:[m[K [01;36m[Knote: [m[K  template argument deduction/substitution failed:
[01m[K/home/trung/test_subscriber_ws/src/gps_listener/src/gps_subscriber.cpp:12:70:[m[K [01;31m[Kerror: [m[Ktemplate argument 1 is invalid
   12 |         subscription_ = [01;31m[Kthis->create_subscription<std_msgs::msg::std>([m[K
      |                         [01;31m[K~~~~~~~~~~~~~~~~~~~~~~~~~~~~~~~~~~~~~~~~~~~~~^[m[K
   13 | [01;31m[K            "gps_data", 10, std::bind(&GPSSubscriber::topic_callback, this, _1))[m[K;
      |             [01;31m[K~~~~~~~~~~~~~~~~~~~~~~~~~~~~~~~~~~~~~~~~~~~~~~~~~~~~~~~~~~~~~~~~~~~~[m[K
gmake[2]: *** [CMakeFiles/gps_subscriber.dir/build.make:76: CMakeFiles/gps_subscriber.dir/src/gps_subscriber.cpp.o] Error 1
gmake[1]: *** [CMakeFiles/Makefile2:137: CMakeFiles/gps_subscriber.dir/all] Error 2
gmake: *** [Makefile:146: all] Error 2
